<?xml version="1.0" encoding="UTF-8"?>
<testng-results ignored="0" total="1" passed="1" failed="0" skipped="0">
  <reporter-output>
  </reporter-output>
  <suite started-at="2024-11-10T04:30:07Z" name="Default suite" finished-at="2024-11-10T04:30:20Z" duration-ms="13408">
    <groups>
    </groups>
    <test started-at="2024-11-10T04:30:07Z" name="Default test" finished-at="2024-11-10T04:30:20Z" duration-ms="13408">
      <class name="com.ACME.Pages.ACME_Login">
        <test-method signature="LoginAuth()[pri:0, instance:com.ACME.Pages.ACME_Login@27216cd]" started-at="2024-11-10T04:30:07Z" name="LoginAuth" finished-at="2024-11-10T04:30:20Z" duration-ms="13386" status="PASS">
          <reporter-output>
          </reporter-output>
        </test-method> <!-- LoginAuth -->
      </class> <!-- com.ACME.Pages.ACME_Login -->
    </test> <!-- Default test -->
  </suite> <!-- Default suite -->
</testng-results>
